2023-03-15 17:31:34,120 DEBUG [background-preinit][LoggerProviders.java:152] - Logging Provider: org.jboss.logging.Log4j2LoggerProvider
2023-03-15 17:31:34,120 DEBUG [background-preinit][LoggerProviders.java:152] - Logging Provider: org.jboss.logging.Log4j2LoggerProvider
2023-03-15 17:31:34,137 INFO [background-preinit][Version.java:21] - HV000001: Hibernate Validator 6.1.6.Final
2023-03-15 17:31:34,137 INFO [background-preinit][Version.java:21] - HV000001: Hibernate Validator 6.1.6.Final
2023-03-15 17:31:34,151 DEBUG [background-preinit][ValidationXmlParser.java:120] - Trying to load META-INF/validation.xml for XML based Validator configuration.
2023-03-15 17:31:34,151 DEBUG [background-preinit][ValidationXmlParser.java:120] - Trying to load META-INF/validation.xml for XML based Validator configuration.
2023-03-15 17:31:34,168 DEBUG [background-preinit][ResourceLoaderHelper.java:60] - Trying to load META-INF/validation.xml via TCCL
2023-03-15 17:31:34,168 DEBUG [background-preinit][ResourceLoaderHelper.java:60] - Trying to load META-INF/validation.xml via TCCL
2023-03-15 17:31:34,169 DEBUG [background-preinit][ResourceLoaderHelper.java:66] - Trying to load META-INF/validation.xml via Hibernate Validator's class loader
2023-03-15 17:31:34,169 DEBUG [background-preinit][ResourceLoaderHelper.java:66] - Trying to load META-INF/validation.xml via Hibernate Validator's class loader
2023-03-15 17:31:34,170 DEBUG [background-preinit][ValidationXmlParser.java:127] - No META-INF/validation.xml found. Using annotation based configuration only.
2023-03-15 17:31:34,170 DEBUG [background-preinit][ValidationXmlParser.java:127] - No META-INF/validation.xml found. Using annotation based configuration only.
2023-03-15 17:31:34,177 DEBUG [background-preinit][TraversableResolvers.java:60] - Cannot find javax.persistence.Persistence on classpath. Assuming non JPA 2 environment. All properties will per default be traversable.
2023-03-15 17:31:34,177 DEBUG [background-preinit][TraversableResolvers.java:60] - Cannot find javax.persistence.Persistence on classpath. Assuming non JPA 2 environment. All properties will per default be traversable.
2023-03-15 17:31:34,209 DEBUG [background-preinit][ResourceBundleMessageInterpolator.java:172] - Loaded expression factory via original TCCL
2023-03-15 17:31:34,209 DEBUG [background-preinit][ResourceBundleMessageInterpolator.java:172] - Loaded expression factory via original TCCL
2023-03-15 17:31:34,411 DEBUG [background-preinit][ValidatorFactoryConfigurationHelper.java:300] - HV000252: Using org.hibernate.validator.internal.engine.DefaultPropertyNodeNameProvider as property node name provider.
2023-03-15 17:31:34,411 DEBUG [background-preinit][ValidatorFactoryConfigurationHelper.java:300] - HV000252: Using org.hibernate.validator.internal.engine.DefaultPropertyNodeNameProvider as property node name provider.
2023-03-15 17:31:34,418 DEBUG [background-preinit][ValidatorFactoryConfigurationHelper.java:375] - HV000234: Using org.hibernate.validator.messageinterpolation.ResourceBundleMessageInterpolator as ValidatorFactory-scoped message interpolator.
2023-03-15 17:31:34,418 DEBUG [background-preinit][ValidatorFactoryConfigurationHelper.java:375] - HV000234: Using org.hibernate.validator.messageinterpolation.ResourceBundleMessageInterpolator as ValidatorFactory-scoped message interpolator.
2023-03-15 17:31:34,418 DEBUG [background-preinit][ValidatorFactoryConfigurationHelper.java:376] - HV000234: Using org.hibernate.validator.internal.engine.resolver.TraverseAllTraversableResolver as ValidatorFactory-scoped traversable resolver.
2023-03-15 17:31:34,418 DEBUG [background-preinit][ValidatorFactoryConfigurationHelper.java:376] - HV000234: Using org.hibernate.validator.internal.engine.resolver.TraverseAllTraversableResolver as ValidatorFactory-scoped traversable resolver.
2023-03-15 17:31:34,419 DEBUG [background-preinit][ValidatorFactoryConfigurationHelper.java:377] - HV000234: Using org.hibernate.validator.internal.util.ExecutableParameterNameProvider as ValidatorFactory-scoped parameter name provider.
2023-03-15 17:31:34,419 DEBUG [background-preinit][ValidatorFactoryConfigurationHelper.java:377] - HV000234: Using org.hibernate.validator.internal.util.ExecutableParameterNameProvider as ValidatorFactory-scoped parameter name provider.
2023-03-15 17:31:34,419 DEBUG [background-preinit][ValidatorFactoryConfigurationHelper.java:378] - HV000234: Using org.hibernate.validator.internal.engine.DefaultClockProvider as ValidatorFactory-scoped clock provider.
2023-03-15 17:31:34,419 DEBUG [background-preinit][ValidatorFactoryConfigurationHelper.java:378] - HV000234: Using org.hibernate.validator.internal.engine.DefaultClockProvider as ValidatorFactory-scoped clock provider.
2023-03-15 17:31:34,419 DEBUG [background-preinit][ValidatorFactoryConfigurationHelper.java:379] - HV000234: Using org.hibernate.validator.internal.engine.scripting.DefaultScriptEvaluatorFactory as ValidatorFactory-scoped script evaluator factory.
2023-03-15 17:31:34,419 DEBUG [background-preinit][ValidatorFactoryConfigurationHelper.java:379] - HV000234: Using org.hibernate.validator.internal.engine.scripting.DefaultScriptEvaluatorFactory as ValidatorFactory-scoped script evaluator factory.
2023-03-15 17:31:34,663 INFO [main][SpringApplication.java:651] - No active profile set, falling back to default profiles: default
2023-03-15 17:31:34,663 INFO [main][SpringApplication.java:651] - No active profile set, falling back to default profiles: default
2023-03-15 17:31:35,784 DEBUG [main][LogFactory.java:105] - Logging initialized using 'class org.apache.ibatis.logging.slf4j.Slf4jImpl' adapter.
2023-03-15 17:31:35,784 DEBUG [main][LogFactory.java:105] - Logging initialized using 'class org.apache.ibatis.logging.slf4j.Slf4jImpl' adapter.
2023-03-15 17:31:35,878 INFO [main][GenericScope.java:295] - BeanFactory id=700aa79d-9c33-3e35-b63b-660b432f98e3
2023-03-15 17:31:35,878 INFO [main][GenericScope.java:295] - BeanFactory id=700aa79d-9c33-3e35-b63b-660b432f98e3
2023-03-15 17:31:36,228 INFO [main][TomcatWebServer.java:108] - Tomcat initialized with port(s): 63110 (http)
2023-03-15 17:31:36,228 INFO [main][TomcatWebServer.java:108] - Tomcat initialized with port(s): 63110 (http)
2023-03-15 17:31:36,237 INFO [main][DirectJDKLog.java:173] - Initializing ProtocolHandler ["http-nio-63110"]
2023-03-15 17:31:36,237 INFO [main][DirectJDKLog.java:173] - Initializing ProtocolHandler ["http-nio-63110"]
2023-03-15 17:31:36,237 INFO [main][DirectJDKLog.java:173] - Starting service [Tomcat]
2023-03-15 17:31:36,237 INFO [main][DirectJDKLog.java:173] - Starting service [Tomcat]
2023-03-15 17:31:36,238 INFO [main][DirectJDKLog.java:173] - Starting Servlet engine: [Apache Tomcat/9.0.41]
2023-03-15 17:31:36,238 INFO [main][DirectJDKLog.java:173] - Starting Servlet engine: [Apache Tomcat/9.0.41]
2023-03-15 17:31:36,458 INFO [main][DirectJDKLog.java:173] - Initializing Spring embedded WebApplicationContext
2023-03-15 17:31:36,458 INFO [main][DirectJDKLog.java:173] - Initializing Spring embedded WebApplicationContext
2023-03-15 17:31:36,459 INFO [main][ServletWebServerApplicationContext.java:285] - Root WebApplicationContext: initialization completed in 1774 ms
2023-03-15 17:31:36,459 INFO [main][ServletWebServerApplicationContext.java:285] - Root WebApplicationContext: initialization completed in 1774 ms
2023-03-15 17:31:36,679 DEBUG [main][HikariConfig.java:946] - Driver class com.mysql.cj.jdbc.Driver found in Thread context class loader sun.misc.Launcher$AppClassLoader@b4aac2
2023-03-15 17:31:36,679 DEBUG [main][HikariConfig.java:946] - Driver class com.mysql.cj.jdbc.Driver found in Thread context class loader sun.misc.Launcher$AppClassLoader@b4aac2
2023-03-15 17:31:39,760 DEBUG [main][MybatisConfiguration.java:128] - addMappedStatement: com.yruns.system.mapper.DictionaryMapper.insert
2023-03-15 17:31:39,760 DEBUG [main][MybatisConfiguration.java:128] - addMappedStatement: com.yruns.system.mapper.DictionaryMapper.insert
2023-03-15 17:31:39,767 DEBUG [main][MybatisConfiguration.java:128] - addMappedStatement: com.yruns.system.mapper.DictionaryMapper.delete
2023-03-15 17:31:39,767 DEBUG [main][MybatisConfiguration.java:128] - addMappedStatement: com.yruns.system.mapper.DictionaryMapper.delete
2023-03-15 17:31:39,770 DEBUG [main][MybatisConfiguration.java:128] - addMappedStatement: com.yruns.system.mapper.DictionaryMapper.deleteByMap
2023-03-15 17:31:39,770 DEBUG [main][MybatisConfiguration.java:128] - addMappedStatement: com.yruns.system.mapper.DictionaryMapper.deleteByMap
2023-03-15 17:31:39,786 DEBUG [main][MybatisConfiguration.java:128] - addMappedStatement: com.yruns.system.mapper.DictionaryMapper.deleteById
2023-03-15 17:31:39,786 DEBUG [main][MybatisConfiguration.java:128] - addMappedStatement: com.yruns.system.mapper.DictionaryMapper.deleteById
2023-03-15 17:31:39,788 DEBUG [main][MybatisConfiguration.java:128] - addMappedStatement: com.yruns.system.mapper.DictionaryMapper.deleteBatchIds
2023-03-15 17:31:39,788 DEBUG [main][MybatisConfiguration.java:128] - addMappedStatement: com.yruns.system.mapper.DictionaryMapper.deleteBatchIds
2023-03-15 17:31:39,792 DEBUG [main][MybatisConfiguration.java:128] - addMappedStatement: com.yruns.system.mapper.DictionaryMapper.update
2023-03-15 17:31:39,792 DEBUG [main][MybatisConfiguration.java:128] - addMappedStatement: com.yruns.system.mapper.DictionaryMapper.update
2023-03-15 17:31:39,793 DEBUG [main][MybatisConfiguration.java:128] - addMappedStatement: com.yruns.system.mapper.DictionaryMapper.updateById
2023-03-15 17:31:39,793 DEBUG [main][MybatisConfiguration.java:128] - addMappedStatement: com.yruns.system.mapper.DictionaryMapper.updateById
2023-03-15 17:31:39,794 DEBUG [main][MybatisConfiguration.java:128] - addMappedStatement: com.yruns.system.mapper.DictionaryMapper.selectById
2023-03-15 17:31:39,794 DEBUG [main][MybatisConfiguration.java:128] - addMappedStatement: com.yruns.system.mapper.DictionaryMapper.selectById
2023-03-15 17:31:39,797 DEBUG [main][MybatisConfiguration.java:128] - addMappedStatement: com.yruns.system.mapper.DictionaryMapper.selectBatchIds
2023-03-15 17:31:39,797 DEBUG [main][MybatisConfiguration.java:128] - addMappedStatement: com.yruns.system.mapper.DictionaryMapper.selectBatchIds
2023-03-15 17:31:39,798 DEBUG [main][MybatisConfiguration.java:128] - addMappedStatement: com.yruns.system.mapper.DictionaryMapper.selectByMap
2023-03-15 17:31:39,798 DEBUG [main][MybatisConfiguration.java:128] - addMappedStatement: com.yruns.system.mapper.DictionaryMapper.selectByMap
2023-03-15 17:31:39,800 DEBUG [main][MybatisConfiguration.java:128] - addMappedStatement: com.yruns.system.mapper.DictionaryMapper.selectOne
2023-03-15 17:31:39,800 DEBUG [main][MybatisConfiguration.java:128] - addMappedStatement: com.yruns.system.mapper.DictionaryMapper.selectOne
2023-03-15 17:31:39,805 DEBUG [main][MybatisConfiguration.java:128] - addMappedStatement: com.yruns.system.mapper.DictionaryMapper.selectCount
2023-03-15 17:31:39,805 DEBUG [main][MybatisConfiguration.java:128] - addMappedStatement: com.yruns.system.mapper.DictionaryMapper.selectCount
2023-03-15 17:31:39,810 DEBUG [main][MybatisConfiguration.java:128] - addMappedStatement: com.yruns.system.mapper.DictionaryMapper.selectMaps
2023-03-15 17:31:39,810 DEBUG [main][MybatisConfiguration.java:128] - addMappedStatement: com.yruns.system.mapper.DictionaryMapper.selectMaps
2023-03-15 17:31:39,813 DEBUG [main][MybatisConfiguration.java:128] - addMappedStatement: com.yruns.system.mapper.DictionaryMapper.selectMapsPage
2023-03-15 17:31:39,813 DEBUG [main][MybatisConfiguration.java:128] - addMappedStatement: com.yruns.system.mapper.DictionaryMapper.selectMapsPage
2023-03-15 17:31:39,816 DEBUG [main][MybatisConfiguration.java:128] - addMappedStatement: com.yruns.system.mapper.DictionaryMapper.selectObjs
2023-03-15 17:31:39,816 DEBUG [main][MybatisConfiguration.java:128] - addMappedStatement: com.yruns.system.mapper.DictionaryMapper.selectObjs
2023-03-15 17:31:39,819 DEBUG [main][MybatisConfiguration.java:128] - addMappedStatement: com.yruns.system.mapper.DictionaryMapper.selectList
2023-03-15 17:31:39,819 DEBUG [main][MybatisConfiguration.java:128] - addMappedStatement: com.yruns.system.mapper.DictionaryMapper.selectList
2023-03-15 17:31:39,821 DEBUG [main][MybatisConfiguration.java:128] - addMappedStatement: com.yruns.system.mapper.DictionaryMapper.selectPage
2023-03-15 17:31:39,821 DEBUG [main][MybatisConfiguration.java:128] - addMappedStatement: com.yruns.system.mapper.DictionaryMapper.selectPage
2023-03-15 17:31:40,246 INFO [main][PropertySourcedRequestMappingHandlerMapping.java:69] - Mapped URL path [/v2/api-docs] onto method [springfox.documentation.swagger2.web.Swagger2Controller#getDocumentation(String, HttpServletRequest)]
2023-03-15 17:31:40,246 INFO [main][PropertySourcedRequestMappingHandlerMapping.java:69] - Mapped URL path [/v2/api-docs] onto method [springfox.documentation.swagger2.web.Swagger2Controller#getDocumentation(String, HttpServletRequest)]
2023-03-15 17:31:40,280 DEBUG [main][ResourceBundleMessageInterpolator.java:172] - Loaded expression factory via original TCCL
2023-03-15 17:31:40,280 DEBUG [main][ResourceBundleMessageInterpolator.java:172] - Loaded expression factory via original TCCL
2023-03-15 17:31:40,284 DEBUG [main][AbstractConfigurationImpl.java:171] - Setting custom MessageInterpolator of type org.springframework.validation.beanvalidation.LocaleContextMessageInterpolator
2023-03-15 17:31:40,284 DEBUG [main][AbstractConfigurationImpl.java:171] - Setting custom MessageInterpolator of type org.springframework.validation.beanvalidation.LocaleContextMessageInterpolator
2023-03-15 17:31:40,285 DEBUG [main][AbstractConfigurationImpl.java:203] - Setting custom ConstraintValidatorFactory of type org.springframework.validation.beanvalidation.SpringConstraintValidatorFactory
2023-03-15 17:31:40,285 DEBUG [main][AbstractConfigurationImpl.java:203] - Setting custom ConstraintValidatorFactory of type org.springframework.validation.beanvalidation.SpringConstraintValidatorFactory
2023-03-15 17:31:40,286 DEBUG [main][AbstractConfigurationImpl.java:217] - Setting custom ParameterNameProvider of type org.springframework.validation.beanvalidation.LocalValidatorFactoryBean$1
2023-03-15 17:31:40,286 DEBUG [main][AbstractConfigurationImpl.java:217] - Setting custom ParameterNameProvider of type org.springframework.validation.beanvalidation.LocalValidatorFactoryBean$1
2023-03-15 17:31:40,286 DEBUG [main][ValidationXmlParser.java:120] - Trying to load META-INF/validation.xml for XML based Validator configuration.
2023-03-15 17:31:40,286 DEBUG [main][ValidationXmlParser.java:120] - Trying to load META-INF/validation.xml for XML based Validator configuration.
2023-03-15 17:31:40,287 DEBUG [main][ResourceLoaderHelper.java:53] - Trying to load META-INF/validation.xml via user class loader
2023-03-15 17:31:40,287 DEBUG [main][ResourceLoaderHelper.java:53] - Trying to load META-INF/validation.xml via user class loader
2023-03-15 17:31:40,288 DEBUG [main][ResourceLoaderHelper.java:60] - Trying to load META-INF/validation.xml via TCCL
2023-03-15 17:31:40,288 DEBUG [main][ResourceLoaderHelper.java:60] - Trying to load META-INF/validation.xml via TCCL
2023-03-15 17:31:40,288 DEBUG [main][ResourceLoaderHelper.java:66] - Trying to load META-INF/validation.xml via Hibernate Validator's class loader
2023-03-15 17:31:40,288 DEBUG [main][ResourceLoaderHelper.java:66] - Trying to load META-INF/validation.xml via Hibernate Validator's class loader
2023-03-15 17:31:40,288 DEBUG [main][ValidationXmlParser.java:127] - No META-INF/validation.xml found. Using annotation based configuration only.
2023-03-15 17:31:40,288 DEBUG [main][ValidationXmlParser.java:127] - No META-INF/validation.xml found. Using annotation based configuration only.
2023-03-15 17:31:40,290 DEBUG [main][TraversableResolvers.java:60] - Cannot find javax.persistence.Persistence on classpath. Assuming non JPA 2 environment. All properties will per default be traversable.
2023-03-15 17:31:40,290 DEBUG [main][TraversableResolvers.java:60] - Cannot find javax.persistence.Persistence on classpath. Assuming non JPA 2 environment. All properties will per default be traversable.
2023-03-15 17:31:40,291 DEBUG [main][ValidatorFactoryConfigurationHelper.java:300] - HV000252: Using org.hibernate.validator.internal.engine.DefaultPropertyNodeNameProvider as property node name provider.
2023-03-15 17:31:40,291 DEBUG [main][ValidatorFactoryConfigurationHelper.java:300] - HV000252: Using org.hibernate.validator.internal.engine.DefaultPropertyNodeNameProvider as property node name provider.
2023-03-15 17:31:40,292 DEBUG [main][ValidatorFactoryConfigurationHelper.java:375] - HV000234: Using org.springframework.validation.beanvalidation.LocaleContextMessageInterpolator as ValidatorFactory-scoped message interpolator.
2023-03-15 17:31:40,292 DEBUG [main][ValidatorFactoryConfigurationHelper.java:375] - HV000234: Using org.springframework.validation.beanvalidation.LocaleContextMessageInterpolator as ValidatorFactory-scoped message interpolator.
2023-03-15 17:31:40,292 DEBUG [main][ValidatorFactoryConfigurationHelper.java:376] - HV000234: Using org.hibernate.validator.internal.engine.resolver.TraverseAllTraversableResolver as ValidatorFactory-scoped traversable resolver.
2023-03-15 17:31:40,292 DEBUG [main][ValidatorFactoryConfigurationHelper.java:376] - HV000234: Using org.hibernate.validator.internal.engine.resolver.TraverseAllTraversableResolver as ValidatorFactory-scoped traversable resolver.
2023-03-15 17:31:40,292 DEBUG [main][ValidatorFactoryConfigurationHelper.java:377] - HV000234: Using org.hibernate.validator.internal.util.ExecutableParameterNameProvider as ValidatorFactory-scoped parameter name provider.
2023-03-15 17:31:40,292 DEBUG [main][ValidatorFactoryConfigurationHelper.java:377] - HV000234: Using org.hibernate.validator.internal.util.ExecutableParameterNameProvider as ValidatorFactory-scoped parameter name provider.
2023-03-15 17:31:40,292 DEBUG [main][ValidatorFactoryConfigurationHelper.java:378] - HV000234: Using org.hibernate.validator.internal.engine.DefaultClockProvider as ValidatorFactory-scoped clock provider.
2023-03-15 17:31:40,292 DEBUG [main][ValidatorFactoryConfigurationHelper.java:378] - HV000234: Using org.hibernate.validator.internal.engine.DefaultClockProvider as ValidatorFactory-scoped clock provider.
2023-03-15 17:31:40,292 DEBUG [main][ValidatorFactoryConfigurationHelper.java:379] - HV000234: Using org.hibernate.validator.internal.engine.scripting.DefaultScriptEvaluatorFactory as ValidatorFactory-scoped script evaluator factory.
2023-03-15 17:31:40,292 DEBUG [main][ValidatorFactoryConfigurationHelper.java:379] - HV000234: Using org.hibernate.validator.internal.engine.scripting.DefaultScriptEvaluatorFactory as ValidatorFactory-scoped script evaluator factory.
2023-03-15 17:31:40,375 INFO [main][ExecutorConfigurationSupport.java:181] - Initializing ExecutorService 'applicationTaskExecutor'
2023-03-15 17:31:40,375 INFO [main][ExecutorConfigurationSupport.java:181] - Initializing ExecutorService 'applicationTaskExecutor'
2023-03-15 17:31:40,569 INFO [main][ExecutorConfigurationSupport.java:181] - Initializing ExecutorService 'taskScheduler'
2023-03-15 17:31:40,569 INFO [main][ExecutorConfigurationSupport.java:181] - Initializing ExecutorService 'taskScheduler'
2023-03-15 17:31:40,685 INFO [main][DirectJDKLog.java:173] - Starting ProtocolHandler ["http-nio-63110"]
2023-03-15 17:31:40,685 INFO [main][DirectJDKLog.java:173] - Starting ProtocolHandler ["http-nio-63110"]
2023-03-15 17:31:40,723 INFO [main][TomcatWebServer.java:220] - Tomcat started on port(s): 63110 (http) with context path '/system'
2023-03-15 17:31:40,723 INFO [main][TomcatWebServer.java:220] - Tomcat started on port(s): 63110 (http) with context path '/system'
2023-03-15 17:31:40,727 INFO [main][DocumentationPluginsBootstrapper.java:160] - Context refreshed
2023-03-15 17:31:40,727 INFO [main][DocumentationPluginsBootstrapper.java:160] - Context refreshed
2023-03-15 17:31:40,744 INFO [main][DocumentationPluginsBootstrapper.java:163] - Found 1 custom documentation plugin(s)
2023-03-15 17:31:40,744 INFO [main][DocumentationPluginsBootstrapper.java:163] - Found 1 custom documentation plugin(s)
2023-03-15 17:31:40,789 INFO [main][ApiListingReferenceScanner.java:41] - Scanning for api listing references
2023-03-15 17:31:40,789 INFO [main][ApiListingReferenceScanner.java:41] - Scanning for api listing references
2023-03-15 17:31:40,939 INFO [main][StartupInfoLogger.java:61] - Started SystemApplication in 7.318 seconds (JVM running for 10.411)
2023-03-15 17:31:40,939 INFO [main][StartupInfoLogger.java:61] - Started SystemApplication in 7.318 seconds (JVM running for 10.411)
2023-03-15 17:32:40,052 INFO [http-nio-63110-exec-2][DirectJDKLog.java:173] - Initializing Spring DispatcherServlet 'dispatcherServlet'
2023-03-15 17:32:40,052 INFO [http-nio-63110-exec-2][DirectJDKLog.java:173] - Initializing Spring DispatcherServlet 'dispatcherServlet'
2023-03-15 17:32:40,052 INFO [http-nio-63110-exec-2][FrameworkServlet.java:525] - Initializing Servlet 'dispatcherServlet'
2023-03-15 17:32:40,052 INFO [http-nio-63110-exec-2][FrameworkServlet.java:525] - Initializing Servlet 'dispatcherServlet'
2023-03-15 17:32:40,062 INFO [http-nio-63110-exec-2][FrameworkServlet.java:547] - Completed initialization in 9 ms
2023-03-15 17:32:40,062 INFO [http-nio-63110-exec-2][FrameworkServlet.java:547] - Completed initialization in 9 ms
2023-03-15 17:32:40,178 DEBUG [http-nio-63110-exec-2][HikariConfig.java:1066] - HikariPool-1 - configuration:
2023-03-15 17:32:40,178 DEBUG [http-nio-63110-exec-2][HikariConfig.java:1066] - HikariPool-1 - configuration:
2023-03-15 17:32:40,180 DEBUG [http-nio-63110-exec-2][HikariConfig.java:1098] - allowPoolSuspension.............false
2023-03-15 17:32:40,180 DEBUG [http-nio-63110-exec-2][HikariConfig.java:1098] - allowPoolSuspension.............false
2023-03-15 17:32:40,180 DEBUG [http-nio-63110-exec-2][HikariConfig.java:1098] - autoCommit......................true
2023-03-15 17:32:40,180 DEBUG [http-nio-63110-exec-2][HikariConfig.java:1098] - autoCommit......................true
2023-03-15 17:32:40,180 DEBUG [http-nio-63110-exec-2][HikariConfig.java:1098] - catalog.........................none
2023-03-15 17:32:40,180 DEBUG [http-nio-63110-exec-2][HikariConfig.java:1098] - catalog.........................none
2023-03-15 17:32:40,181 DEBUG [http-nio-63110-exec-2][HikariConfig.java:1098] - connectionInitSql...............none
2023-03-15 17:32:40,181 DEBUG [http-nio-63110-exec-2][HikariConfig.java:1098] - connectionInitSql...............none
2023-03-15 17:32:40,181 DEBUG [http-nio-63110-exec-2][HikariConfig.java:1098] - connectionTestQuery.............none
2023-03-15 17:32:40,181 DEBUG [http-nio-63110-exec-2][HikariConfig.java:1098] - connectionTestQuery.............none
2023-03-15 17:32:40,181 DEBUG [http-nio-63110-exec-2][HikariConfig.java:1098] - connectionTimeout...............30000
2023-03-15 17:32:40,181 DEBUG [http-nio-63110-exec-2][HikariConfig.java:1098] - connectionTimeout...............30000
2023-03-15 17:32:40,181 DEBUG [http-nio-63110-exec-2][HikariConfig.java:1098] - dataSource......................none
2023-03-15 17:32:40,181 DEBUG [http-nio-63110-exec-2][HikariConfig.java:1098] - dataSource......................none
2023-03-15 17:32:40,182 DEBUG [http-nio-63110-exec-2][HikariConfig.java:1098] - dataSourceClassName.............none
2023-03-15 17:32:40,182 DEBUG [http-nio-63110-exec-2][HikariConfig.java:1098] - dataSourceClassName.............none
2023-03-15 17:32:40,182 DEBUG [http-nio-63110-exec-2][HikariConfig.java:1098] - dataSourceJNDI..................none
2023-03-15 17:32:40,182 DEBUG [http-nio-63110-exec-2][HikariConfig.java:1098] - dataSourceJNDI..................none
2023-03-15 17:32:40,182 DEBUG [http-nio-63110-exec-2][HikariConfig.java:1098] - dataSourceProperties............{password=<masked>}
2023-03-15 17:32:40,182 DEBUG [http-nio-63110-exec-2][HikariConfig.java:1098] - dataSourceProperties............{password=<masked>}
2023-03-15 17:32:40,183 DEBUG [http-nio-63110-exec-2][HikariConfig.java:1098] - driverClassName................."com.mysql.cj.jdbc.Driver"
2023-03-15 17:32:40,183 DEBUG [http-nio-63110-exec-2][HikariConfig.java:1098] - driverClassName................."com.mysql.cj.jdbc.Driver"
2023-03-15 17:32:40,183 DEBUG [http-nio-63110-exec-2][HikariConfig.java:1098] - exceptionOverrideClassName......none
2023-03-15 17:32:40,183 DEBUG [http-nio-63110-exec-2][HikariConfig.java:1098] - exceptionOverrideClassName......none
2023-03-15 17:32:40,183 DEBUG [http-nio-63110-exec-2][HikariConfig.java:1098] - healthCheckProperties...........{}
2023-03-15 17:32:40,183 DEBUG [http-nio-63110-exec-2][HikariConfig.java:1098] - healthCheckProperties...........{}
2023-03-15 17:32:40,183 DEBUG [http-nio-63110-exec-2][HikariConfig.java:1098] - healthCheckRegistry.............none
2023-03-15 17:32:40,183 DEBUG [http-nio-63110-exec-2][HikariConfig.java:1098] - healthCheckRegistry.............none
2023-03-15 17:32:40,184 DEBUG [http-nio-63110-exec-2][HikariConfig.java:1098] - idleTimeout.....................600000
2023-03-15 17:32:40,184 DEBUG [http-nio-63110-exec-2][HikariConfig.java:1098] - idleTimeout.....................600000
2023-03-15 17:32:40,184 DEBUG [http-nio-63110-exec-2][HikariConfig.java:1098] - initializationFailTimeout.......1
2023-03-15 17:32:40,184 DEBUG [http-nio-63110-exec-2][HikariConfig.java:1098] - initializationFailTimeout.......1
2023-03-15 17:32:40,184 DEBUG [http-nio-63110-exec-2][HikariConfig.java:1098] - isolateInternalQueries..........false
2023-03-15 17:32:40,184 DEBUG [http-nio-63110-exec-2][HikariConfig.java:1098] - isolateInternalQueries..........false
2023-03-15 17:32:40,184 DEBUG [http-nio-63110-exec-2][HikariConfig.java:1098] - jdbcUrl.........................jdbc:mysql://192.168.48.200:3306/xcplus_system?useUnicode=true&characterEncoding=utf-8&useSSL=false&serverTimezone=GMT%2B8
2023-03-15 17:32:40,184 DEBUG [http-nio-63110-exec-2][HikariConfig.java:1098] - jdbcUrl.........................jdbc:mysql://192.168.48.200:3306/xcplus_system?useUnicode=true&characterEncoding=utf-8&useSSL=false&serverTimezone=GMT%2B8
2023-03-15 17:32:40,184 DEBUG [http-nio-63110-exec-2][HikariConfig.java:1098] - leakDetectionThreshold..........0
2023-03-15 17:32:40,184 DEBUG [http-nio-63110-exec-2][HikariConfig.java:1098] - leakDetectionThreshold..........0
2023-03-15 17:32:40,186 DEBUG [http-nio-63110-exec-2][HikariConfig.java:1098] - maxLifetime.....................1800000
2023-03-15 17:32:40,186 DEBUG [http-nio-63110-exec-2][HikariConfig.java:1098] - maxLifetime.....................1800000
2023-03-15 17:32:40,186 DEBUG [http-nio-63110-exec-2][HikariConfig.java:1098] - maximumPoolSize.................10
2023-03-15 17:32:40,186 DEBUG [http-nio-63110-exec-2][HikariConfig.java:1098] - maximumPoolSize.................10
2023-03-15 17:32:40,186 DEBUG [http-nio-63110-exec-2][HikariConfig.java:1098] - metricRegistry..................none
2023-03-15 17:32:40,186 DEBUG [http-nio-63110-exec-2][HikariConfig.java:1098] - metricRegistry..................none
2023-03-15 17:32:40,186 DEBUG [http-nio-63110-exec-2][HikariConfig.java:1098] - metricsTrackerFactory...........none
2023-03-15 17:32:40,186 DEBUG [http-nio-63110-exec-2][HikariConfig.java:1098] - metricsTrackerFactory...........none
2023-03-15 17:32:40,186 DEBUG [http-nio-63110-exec-2][HikariConfig.java:1098] - minimumIdle.....................10
2023-03-15 17:32:40,186 DEBUG [http-nio-63110-exec-2][HikariConfig.java:1098] - minimumIdle.....................10
2023-03-15 17:32:40,187 DEBUG [http-nio-63110-exec-2][HikariConfig.java:1098] - password........................<masked>
2023-03-15 17:32:40,187 DEBUG [http-nio-63110-exec-2][HikariConfig.java:1098] - password........................<masked>
2023-03-15 17:32:40,187 DEBUG [http-nio-63110-exec-2][HikariConfig.java:1098] - poolName........................"HikariPool-1"
2023-03-15 17:32:40,187 DEBUG [http-nio-63110-exec-2][HikariConfig.java:1098] - poolName........................"HikariPool-1"
2023-03-15 17:32:40,188 DEBUG [http-nio-63110-exec-2][HikariConfig.java:1098] - readOnly........................false
2023-03-15 17:32:40,188 DEBUG [http-nio-63110-exec-2][HikariConfig.java:1098] - readOnly........................false
2023-03-15 17:32:40,188 DEBUG [http-nio-63110-exec-2][HikariConfig.java:1098] - registerMbeans..................false
2023-03-15 17:32:40,188 DEBUG [http-nio-63110-exec-2][HikariConfig.java:1098] - registerMbeans..................false
2023-03-15 17:32:40,188 DEBUG [http-nio-63110-exec-2][HikariConfig.java:1098] - scheduledExecutor...............none
2023-03-15 17:32:40,188 DEBUG [http-nio-63110-exec-2][HikariConfig.java:1098] - scheduledExecutor...............none
2023-03-15 17:32:40,188 DEBUG [http-nio-63110-exec-2][HikariConfig.java:1098] - schema..........................none
2023-03-15 17:32:40,188 DEBUG [http-nio-63110-exec-2][HikariConfig.java:1098] - schema..........................none
2023-03-15 17:32:40,189 DEBUG [http-nio-63110-exec-2][HikariConfig.java:1098] - threadFactory...................internal
2023-03-15 17:32:40,189 DEBUG [http-nio-63110-exec-2][HikariConfig.java:1098] - threadFactory...................internal
2023-03-15 17:32:40,189 DEBUG [http-nio-63110-exec-2][HikariConfig.java:1098] - transactionIsolation............default
2023-03-15 17:32:40,189 DEBUG [http-nio-63110-exec-2][HikariConfig.java:1098] - transactionIsolation............default
2023-03-15 17:32:40,189 DEBUG [http-nio-63110-exec-2][HikariConfig.java:1098] - username........................"root"
2023-03-15 17:32:40,189 DEBUG [http-nio-63110-exec-2][HikariConfig.java:1098] - username........................"root"
2023-03-15 17:32:40,189 DEBUG [http-nio-63110-exec-2][HikariConfig.java:1098] - validationTimeout...............5000
2023-03-15 17:32:40,189 DEBUG [http-nio-63110-exec-2][HikariConfig.java:1098] - validationTimeout...............5000
2023-03-15 17:32:40,189 INFO [http-nio-63110-exec-2][HikariDataSource.java:110] - HikariPool-1 - Starting...
2023-03-15 17:32:40,189 INFO [http-nio-63110-exec-2][HikariDataSource.java:110] - HikariPool-1 - Starting...
2023-03-15 17:32:40,343 DEBUG [http-nio-63110-exec-2][HikariPool.java:564] - HikariPool-1 - Added connection com.mysql.cj.jdbc.ConnectionImpl@5a8ee4
2023-03-15 17:32:40,343 DEBUG [http-nio-63110-exec-2][HikariPool.java:564] - HikariPool-1 - Added connection com.mysql.cj.jdbc.ConnectionImpl@5a8ee4
2023-03-15 17:32:40,345 INFO [http-nio-63110-exec-2][HikariDataSource.java:123] - HikariPool-1 - Start completed.
2023-03-15 17:32:40,345 INFO [http-nio-63110-exec-2][HikariDataSource.java:123] - HikariPool-1 - Start completed.
2023-03-15 17:32:40,452 DEBUG [HikariPool-1 housekeeper][HikariPool.java:421] - HikariPool-1 - Pool stats (total=1, active=0, idle=1, waiting=0)
2023-03-15 17:32:40,452 DEBUG [HikariPool-1 housekeeper][HikariPool.java:421] - HikariPool-1 - Pool stats (total=1, active=0, idle=1, waiting=0)
2023-03-15 17:32:40,488 DEBUG [HikariPool-1 connection adder][HikariPool.java:728] - HikariPool-1 - Added connection com.mysql.cj.jdbc.ConnectionImpl@15f547c
2023-03-15 17:32:40,488 DEBUG [HikariPool-1 connection adder][HikariPool.java:728] - HikariPool-1 - Added connection com.mysql.cj.jdbc.ConnectionImpl@15f547c
2023-03-15 17:32:40,503 DEBUG [HikariPool-1 connection adder][HikariPool.java:728] - HikariPool-1 - Added connection com.mysql.cj.jdbc.ConnectionImpl@625e47
2023-03-15 17:32:40,503 DEBUG [HikariPool-1 connection adder][HikariPool.java:728] - HikariPool-1 - Added connection com.mysql.cj.jdbc.ConnectionImpl@625e47
2023-03-15 17:32:40,531 DEBUG [HikariPool-1 connection adder][HikariPool.java:728] - HikariPool-1 - Added connection com.mysql.cj.jdbc.ConnectionImpl@1d4a765
2023-03-15 17:32:40,531 DEBUG [HikariPool-1 connection adder][HikariPool.java:728] - HikariPool-1 - Added connection com.mysql.cj.jdbc.ConnectionImpl@1d4a765
2023-03-15 17:32:40,548 DEBUG [HikariPool-1 connection adder][HikariPool.java:728] - HikariPool-1 - Added connection com.mysql.cj.jdbc.ConnectionImpl@4da108
2023-03-15 17:32:40,548 DEBUG [HikariPool-1 connection adder][HikariPool.java:728] - HikariPool-1 - Added connection com.mysql.cj.jdbc.ConnectionImpl@4da108
2023-03-15 17:32:40,564 DEBUG [HikariPool-1 connection adder][HikariPool.java:728] - HikariPool-1 - Added connection com.mysql.cj.jdbc.ConnectionImpl@1273941
2023-03-15 17:32:40,564 DEBUG [HikariPool-1 connection adder][HikariPool.java:728] - HikariPool-1 - Added connection com.mysql.cj.jdbc.ConnectionImpl@1273941
2023-03-15 17:32:40,583 DEBUG [HikariPool-1 connection adder][HikariPool.java:728] - HikariPool-1 - Added connection com.mysql.cj.jdbc.ConnectionImpl@3d9f4
2023-03-15 17:32:40,583 DEBUG [HikariPool-1 connection adder][HikariPool.java:728] - HikariPool-1 - Added connection com.mysql.cj.jdbc.ConnectionImpl@3d9f4
2023-03-15 17:32:40,601 DEBUG [HikariPool-1 connection adder][HikariPool.java:728] - HikariPool-1 - Added connection com.mysql.cj.jdbc.ConnectionImpl@1979118
2023-03-15 17:32:40,601 DEBUG [HikariPool-1 connection adder][HikariPool.java:728] - HikariPool-1 - Added connection com.mysql.cj.jdbc.ConnectionImpl@1979118
2023-03-15 17:32:40,616 DEBUG [HikariPool-1 connection adder][HikariPool.java:728] - HikariPool-1 - Added connection com.mysql.cj.jdbc.ConnectionImpl@1c46cb2
2023-03-15 17:32:40,616 DEBUG [HikariPool-1 connection adder][HikariPool.java:728] - HikariPool-1 - Added connection com.mysql.cj.jdbc.ConnectionImpl@1c46cb2
2023-03-15 17:32:40,639 DEBUG [HikariPool-1 connection adder][HikariPool.java:728] - HikariPool-1 - Added connection com.mysql.cj.jdbc.ConnectionImpl@e88b00
2023-03-15 17:32:40,639 DEBUG [HikariPool-1 connection adder][HikariPool.java:728] - HikariPool-1 - Added connection com.mysql.cj.jdbc.ConnectionImpl@e88b00
2023-03-15 17:32:40,641 DEBUG [HikariPool-1 connection adder][HikariPool.java:421] - HikariPool-1 - After adding stats (total=10, active=0, idle=10, waiting=0)
2023-03-15 17:32:40,641 DEBUG [HikariPool-1 connection adder][HikariPool.java:421] - HikariPool-1 - After adding stats (total=10, active=0, idle=10, waiting=0)
2023-03-15 17:33:10,460 DEBUG [HikariPool-1 housekeeper][HikariPool.java:421] - HikariPool-1 - Pool stats (total=10, active=0, idle=10, waiting=0)
2023-03-15 17:33:10,460 DEBUG [HikariPool-1 housekeeper][HikariPool.java:421] - HikariPool-1 - Pool stats (total=10, active=0, idle=10, waiting=0)
2023-03-15 17:33:10,460 DEBUG [HikariPool-1 housekeeper][HikariPool.java:517] - HikariPool-1 - Fill pool skipped, pool is at sufficient level.
2023-03-15 17:33:10,460 DEBUG [HikariPool-1 housekeeper][HikariPool.java:517] - HikariPool-1 - Fill pool skipped, pool is at sufficient level.
2023-03-15 17:33:40,465 DEBUG [HikariPool-1 housekeeper][HikariPool.java:421] - HikariPool-1 - Pool stats (total=10, active=0, idle=10, waiting=0)
2023-03-15 17:33:40,465 DEBUG [HikariPool-1 housekeeper][HikariPool.java:421] - HikariPool-1 - Pool stats (total=10, active=0, idle=10, waiting=0)
2023-03-15 17:33:40,465 DEBUG [HikariPool-1 housekeeper][HikariPool.java:517] - HikariPool-1 - Fill pool skipped, pool is at sufficient level.
2023-03-15 17:33:40,465 DEBUG [HikariPool-1 housekeeper][HikariPool.java:517] - HikariPool-1 - Fill pool skipped, pool is at sufficient level.
2023-03-15 17:33:47,086 INFO [SpringContextShutdownHook][ExecutorConfigurationSupport.java:218] - Shutting down ExecutorService 'taskScheduler'
2023-03-15 17:33:47,086 INFO [SpringContextShutdownHook][ExecutorConfigurationSupport.java:218] - Shutting down ExecutorService 'taskScheduler'
2023-03-15 17:33:47,087 INFO [SpringContextShutdownHook][ExecutorConfigurationSupport.java:218] - Shutting down ExecutorService 'applicationTaskExecutor'
2023-03-15 17:33:47,087 INFO [SpringContextShutdownHook][ExecutorConfigurationSupport.java:218] - Shutting down ExecutorService 'applicationTaskExecutor'
2023-03-15 17:33:47,089 INFO [SpringContextShutdownHook][HikariDataSource.java:350] - HikariPool-1 - Shutdown initiated...
2023-03-15 17:33:47,089 INFO [SpringContextShutdownHook][HikariDataSource.java:350] - HikariPool-1 - Shutdown initiated...
2023-03-15 17:33:47,090 DEBUG [SpringContextShutdownHook][HikariPool.java:421] - HikariPool-1 - Before shutdown stats (total=10, active=0, idle=10, waiting=0)
2023-03-15 17:33:47,090 DEBUG [SpringContextShutdownHook][HikariPool.java:421] - HikariPool-1 - Before shutdown stats (total=10, active=0, idle=10, waiting=0)
2023-03-15 17:33:47,091 DEBUG [HikariPool-1 connection closer][PoolBase.java:134] - HikariPool-1 - Closing connection com.mysql.cj.jdbc.ConnectionImpl@5a8ee4: (connection evicted)
2023-03-15 17:33:47,091 DEBUG [HikariPool-1 connection closer][PoolBase.java:134] - HikariPool-1 - Closing connection com.mysql.cj.jdbc.ConnectionImpl@5a8ee4: (connection evicted)
2023-03-15 17:33:47,095 DEBUG [HikariPool-1 connection closer][PoolBase.java:134] - HikariPool-1 - Closing connection com.mysql.cj.jdbc.ConnectionImpl@15f547c: (connection evicted)
2023-03-15 17:33:47,095 DEBUG [HikariPool-1 connection closer][PoolBase.java:134] - HikariPool-1 - Closing connection com.mysql.cj.jdbc.ConnectionImpl@15f547c: (connection evicted)
2023-03-15 17:33:47,097 DEBUG [HikariPool-1 connection closer][PoolBase.java:134] - HikariPool-1 - Closing connection com.mysql.cj.jdbc.ConnectionImpl@625e47: (connection evicted)
2023-03-15 17:33:47,097 DEBUG [HikariPool-1 connection closer][PoolBase.java:134] - HikariPool-1 - Closing connection com.mysql.cj.jdbc.ConnectionImpl@625e47: (connection evicted)
2023-03-15 17:33:47,098 DEBUG [HikariPool-1 connection closer][PoolBase.java:134] - HikariPool-1 - Closing connection com.mysql.cj.jdbc.ConnectionImpl@1d4a765: (connection evicted)
2023-03-15 17:33:47,098 DEBUG [HikariPool-1 connection closer][PoolBase.java:134] - HikariPool-1 - Closing connection com.mysql.cj.jdbc.ConnectionImpl@1d4a765: (connection evicted)
2023-03-15 17:33:47,099 DEBUG [HikariPool-1 connection closer][PoolBase.java:134] - HikariPool-1 - Closing connection com.mysql.cj.jdbc.ConnectionImpl@4da108: (connection evicted)
2023-03-15 17:33:47,099 DEBUG [HikariPool-1 connection closer][PoolBase.java:134] - HikariPool-1 - Closing connection com.mysql.cj.jdbc.ConnectionImpl@4da108: (connection evicted)
2023-03-15 17:33:47,099 DEBUG [HikariPool-1 connection closer][PoolBase.java:134] - HikariPool-1 - Closing connection com.mysql.cj.jdbc.ConnectionImpl@1273941: (connection evicted)
2023-03-15 17:33:47,099 DEBUG [HikariPool-1 connection closer][PoolBase.java:134] - HikariPool-1 - Closing connection com.mysql.cj.jdbc.ConnectionImpl@1273941: (connection evicted)
2023-03-15 17:33:47,101 DEBUG [HikariPool-1 connection closer][PoolBase.java:134] - HikariPool-1 - Closing connection com.mysql.cj.jdbc.ConnectionImpl@3d9f4: (connection evicted)
2023-03-15 17:33:47,101 DEBUG [HikariPool-1 connection closer][PoolBase.java:134] - HikariPool-1 - Closing connection com.mysql.cj.jdbc.ConnectionImpl@3d9f4: (connection evicted)
2023-03-15 17:33:47,102 DEBUG [HikariPool-1 connection closer][PoolBase.java:134] - HikariPool-1 - Closing connection com.mysql.cj.jdbc.ConnectionImpl@1979118: (connection evicted)
2023-03-15 17:33:47,102 DEBUG [HikariPool-1 connection closer][PoolBase.java:134] - HikariPool-1 - Closing connection com.mysql.cj.jdbc.ConnectionImpl@1979118: (connection evicted)
2023-03-15 17:33:47,103 DEBUG [HikariPool-1 connection closer][PoolBase.java:134] - HikariPool-1 - Closing connection com.mysql.cj.jdbc.ConnectionImpl@1c46cb2: (connection evicted)
2023-03-15 17:33:47,103 DEBUG [HikariPool-1 connection closer][PoolBase.java:134] - HikariPool-1 - Closing connection com.mysql.cj.jdbc.ConnectionImpl@1c46cb2: (connection evicted)
2023-03-15 17:33:47,104 DEBUG [HikariPool-1 connection closer][PoolBase.java:134] - HikariPool-1 - Closing connection com.mysql.cj.jdbc.ConnectionImpl@e88b00: (connection evicted)
2023-03-15 17:33:47,104 DEBUG [HikariPool-1 connection closer][PoolBase.java:134] - HikariPool-1 - Closing connection com.mysql.cj.jdbc.ConnectionImpl@e88b00: (connection evicted)
2023-03-15 17:33:47,105 DEBUG [SpringContextShutdownHook][HikariPool.java:421] - HikariPool-1 - After shutdown stats (total=0, active=0, idle=0, waiting=0)
2023-03-15 17:33:47,105 DEBUG [SpringContextShutdownHook][HikariPool.java:421] - HikariPool-1 - After shutdown stats (total=0, active=0, idle=0, waiting=0)
2023-03-15 17:33:47,106 INFO [SpringContextShutdownHook][HikariDataSource.java:352] - HikariPool-1 - Shutdown completed.
2023-03-15 17:33:47,106 INFO [SpringContextShutdownHook][HikariDataSource.java:352] - HikariPool-1 - Shutdown completed.
